<?xml version="1.0" encoding="UTF-8"?>
<!-- Generated by org.testng.reporters.JUnitXMLReporter -->
<testsuite hostname="DESKTOP-ICEMFP0" name="Run ALL Tests" tests="2" failures="0" timestamp="24 Nov 2019 13:19:39 GMT" time="134.037" errors="0">
  <testcase name="feature" time="116.152" classname="com.qtpselenium.hybridFramework.runners.MyTestngRunner"/>
  <testcase name="feature" time="16.829" classname="com.qtpselenium.hybridFramework.runners.MyTestngRunner"/>
</testsuite> <!-- Run ALL Tests -->
