<?xml version="1.0" encoding="UTF-8"?>
<testng-results skipped="0" failed="0" total="1" passed="1">
  <reporter-output>
  </reporter-output>
  <suite name="Default suite" duration-ms="1409" started-at="2019-10-29T15:25:31Z" finished-at="2019-10-29T15:25:32Z">
    <groups>
      <group name="cucumber">
        <method signature="AbstractTestNGCucumberTests.feature(cucumber.api.testng.CucumberFeatureWrapper)[pri:0, instance:com.qtpselenium.hybridFramework.runners.MyTestngRunner@68c4039c]" name="feature" class="cucumber.api.testng.AbstractTestNGCucumberTests"/>
      </group> <!-- cucumber -->
    </groups>
    <test name="Default test" duration-ms="1409" started-at="2019-10-29T15:25:31Z" finished-at="2019-10-29T15:25:32Z">
      <class name="com.qtpselenium.hybridFramework.runners.MyTestngRunner">
        <test-method status="PASS" signature="setUpClass()[pri:0, instance:com.qtpselenium.hybridFramework.runners.MyTestngRunner@68c4039c]" name="setUpClass" is-config="true" duration-ms="918" started-at="2019-10-29T11:25:31Z" finished-at="2019-10-29T11:25:32Z">
          <reporter-output>
          </reporter-output>
        </test-method> <!-- setUpClass -->
        <test-method status="PASS" signature="feature(cucumber.api.testng.CucumberFeatureWrapper)[pri:0, instance:com.qtpselenium.hybridFramework.runners.MyTestngRunner@68c4039c]" name="feature" duration-ms="124" started-at="2019-10-29T11:25:32Z" description="Runs Cucumber Feature" data-provider="features" finished-at="2019-10-29T11:25:32Z">
          <params>
            <param index="0">
              <value>
                <![CDATA[Testing]]>
              </value>
            </param>
          </params>
          <reporter-output>
          </reporter-output>
        </test-method> <!-- feature -->
        <test-method status="PASS" signature="tearDownClass()[pri:0, instance:com.qtpselenium.hybridFramework.runners.MyTestngRunner@68c4039c]" name="tearDownClass" is-config="true" duration-ms="63" started-at="2019-10-29T11:25:32Z" finished-at="2019-10-29T11:25:32Z">
          <reporter-output>
          </reporter-output>
        </test-method> <!-- tearDownClass -->
      </class> <!-- com.qtpselenium.hybridFramework.runners.MyTestngRunner -->
    </test> <!-- Default test -->
  </suite> <!-- Default suite -->
</testng-results>
