<?xml version="1.0" encoding="UTF-8"?>
<testng-results skipped="0" failed="0" total="2" passed="2">
  <reporter-output>
  </reporter-output>
  <suite name="Test Runner" duration-ms="134037" started-at="2019-11-24T13:17:25Z" finished-at="2019-11-24T13:19:39Z">
    <groups>
      <group name="cucumber">
        <method signature="AbstractTestNGCucumberTests.feature(cucumber.api.testng.CucumberFeatureWrapper)[pri:0, instance:com.qtpselenium.hybridFramework.runners.MyTestngRunner@6cd8737]" name="feature" class="cucumber.api.testng.AbstractTestNGCucumberTests"/>
      </group> <!-- cucumber -->
    </groups>
    <test name="Run ALL Tests" duration-ms="134037" started-at="2019-11-24T13:17:25Z" finished-at="2019-11-24T13:19:39Z">
      <class name="com.qtpselenium.hybridFramework.runners.MyTestngRunner">
        <test-method status="PASS" signature="setUpClass()[pri:0, instance:com.qtpselenium.hybridFramework.runners.MyTestngRunner@6cd8737]" name="setUpClass" is-config="true" duration-ms="573" started-at="2019-11-24T08:17:25Z" finished-at="2019-11-24T08:17:26Z">
          <reporter-output>
          </reporter-output>
        </test-method> <!-- setUpClass -->
        <test-method status="PASS" signature="feature(cucumber.api.testng.CucumberFeatureWrapper)[pri:0, instance:com.qtpselenium.hybridFramework.runners.MyTestngRunner@6cd8737]" name="feature" duration-ms="116152" started-at="2019-11-24T08:17:26Z" description="Runs Cucumber Feature" data-provider="features" finished-at="2019-11-24T08:19:22Z">
          <params>
            <param index="0">
              <value>
                <![CDATA[Testing]]>
              </value>
            </param>
          </params>
          <reporter-output>
          </reporter-output>
        </test-method> <!-- feature -->
        <test-method status="PASS" signature="feature(cucumber.api.testng.CucumberFeatureWrapper)[pri:0, instance:com.qtpselenium.hybridFramework.runners.MyTestngRunner@6cd8737]" name="feature" duration-ms="16829" started-at="2019-11-24T08:19:22Z" description="Runs Cucumber Feature" data-provider="features" finished-at="2019-11-24T08:19:39Z">
          <params>
            <param index="0">
              <value>
                <![CDATA[Testing]]>
              </value>
            </param>
          </params>
          <reporter-output>
          </reporter-output>
        </test-method> <!-- feature -->
        <test-method status="PASS" signature="tearDownClass()[pri:0, instance:com.qtpselenium.hybridFramework.runners.MyTestngRunner@6cd8737]" name="tearDownClass" is-config="true" duration-ms="309" started-at="2019-11-24T08:19:39Z" finished-at="2019-11-24T08:19:39Z">
          <reporter-output>
          </reporter-output>
        </test-method> <!-- tearDownClass -->
      </class> <!-- com.qtpselenium.hybridFramework.runners.MyTestngRunner -->
    </test> <!-- Run ALL Tests -->
  </suite> <!-- Test Runner -->
</testng-results>
